<?xml version="1.0" encoding="UTF-8"?>
<!-- Generated by org.testng.reporters.JUnitXMLReporter -->
<testsuite ignored="5" hostname="LTIN486887" failures="0" tests="1" name="Default test" time="0.06" errors="0" timestamp="2024-06-03T11:06:26 IST">
  <testcase classname="testBase.BaseClass" name="@BeforeTest setup" time="-1.717392986077E9">
    <failure type="org.testng.TestNGException" message="
Parameter &amp;apos;browser&amp;apos; is required by BeforeTest on method setup but has not been marked @Optional or defined
in C:\Users\2318647\AppData\Local\Temp\testng-eclipse-1590364859\testng-customsuite.xml">
      <![CDATA[org.testng.TestNGException: 
Parameter 'browser' is required by BeforeTest on method setup but has not been marked @Optional or defined
in C:\Users\2318647\AppData\Local\Temp\testng-eclipse-1590364859\testng-customsuite.xml
at org.testng.internal.Parameters.createParams(Parameters.java:270)
at org.testng.internal.Parameters.createParametersForMethod(Parameters.java:358)
at org.testng.internal.Parameters.createParameters(Parameters.java:700)
at org.testng.internal.Parameters.createConfigurationParameters(Parameters.java:168)
at org.testng.internal.ConfigInvoker.invokeConfigurations(ConfigInvoker.java:302)
at org.testng.TestRunner.invokeTestConfigurations(TestRunner.java:637)
at org.testng.TestRunner.beforeRun(TestRunner.java:627)
at org.testng.TestRunner.run(TestRunner.java:589)
at org.testng.SuiteRunner.runTest(SuiteRunner.java:377)
at org.testng.SuiteRunner.runSequentially(SuiteRunner.java:371)
at org.testng.SuiteRunner.privateRun(SuiteRunner.java:332)
at org.testng.SuiteRunner.run(SuiteRunner.java:276)
at org.testng.SuiteRunnerWorker.runSuite(SuiteRunnerWorker.java:53)
at org.testng.SuiteRunnerWorker.run(SuiteRunnerWorker.java:96)
at org.testng.TestNG.runSuitesSequentially(TestNG.java:1212)
at org.testng.TestNG.runSuitesLocally(TestNG.java:1134)
at org.testng.TestNG.runSuites(TestNG.java:1063)
at org.testng.TestNG.run(TestNG.java:1031)
at org.testng.remote.AbstractRemoteTestNG.run(AbstractRemoteTestNG.java:115)
at org.testng.remote.RemoteTestNG.initAndRun(RemoteTestNG.java:293)
at org.testng.remote.RemoteTestNG.main(RemoteTestNG.java:91)
]]>
    </failure>
  </testcase> <!-- @BeforeTest setup -->
  <testcase classname="testCases.GlobalITTest" name="@BeforeClass initializePageObjects" time="-1.717392986106E9">
    <skipped/>
  </testcase> <!-- @BeforeClass initializePageObjects -->
  <testcase classname="testBase.BaseClass" name="@AfterTest close" time="-1.717392986131E9">
    <skipped/>
  </testcase> <!-- @AfterTest close -->
  <testcase classname="testCases.GlobalITTest" name="getNewsCount" time="0.0">
    <skipped/>
  </testcase> <!-- getNewsCount -->
  <testcase classname="testCases.GlobalITTest" name="checkITNewsToolTip" time="0.0">
    <ignored/>
  </testcase> <!-- checkITNewsToolTip -->
  <testcase classname="testCases.GlobalITTest" name="scrollToAwards" time="0.0">
    <ignored/>
  </testcase> <!-- scrollToAwards -->
  <testcase classname="testCases.GlobalITTest" name="printItNews" time="0.0">
    <ignored/>
  </testcase> <!-- printItNews -->
  <testcase classname="testCases.GlobalITTest" name="scrollToNews" time="0.0">
    <ignored/>
  </testcase> <!-- scrollToNews -->
  <testcase classname="testCases.GlobalITTest" name="checkApplications" time="0.0">
    <ignored/>
  </testcase> <!-- checkApplications -->
</testsuite> <!-- Default test -->
